<?xml version="1.0" encoding="UTF-8"?>
<!-- Generated by org.testng.reporters.JUnitReportReporter -->
<testsuite hostname="prathi" failures="0" tests="1" name="test_Scripts.Uber_Test" time="25.933" errors="0" timestamp="2022-12-12T17:09:22 IST" skipped="0">
  <testcase classname="test_Scripts.Uber_Test" name="Browsersetup" time="25.933"/>
  <system-out/>
</testsuite> <!-- test_Scripts.Uber_Test -->
