<?xml version="1.0" encoding="UTF-8"?>
<!-- Generated by org.testng.reporters.JUnitReportReporter -->
<testsuite hostname="prathi" failures="0" tests="1" name="test_Scripts.Kia_Test" time="20.900" errors="0" timestamp="2022-12-12T15:29:36 IST" skipped="0">
  <testcase classname="test_Scripts.Kia_Test" name="Browsersetup" time="20.900"/>
  <system-out/>
</testsuite> <!-- test_Scripts.Kia_Test -->
